SF:lib/slang_flutter.dart
DA:20,0
DA:22,0
DA:23,0
DA:24,0
DA:25,0
DA:26,0
DA:31,0
DA:32,0
DA:38,0
DA:39,0
DA:40,0
DA:41,0
DA:42,0
DA:51,1
DA:56,1
DA:58,4
DA:59,2
DA:68,0
DA:69,0
DA:70,0
DA:74,0
DA:75,0
DA:76,0
DA:80,0
DA:81,0
DA:89,1
DA:92,1
DA:93,2
DA:94,2
DA:100,1
DA:102,1
DA:110,1
DA:112,1
DA:113,2
DA:116,1
DA:118,1
DA:119,2
DA:122,0
DA:124,0
DA:126,0
DA:131,0
DA:132,0
DA:133,0
DA:137,0
DA:138,0
DA:146,1
DA:147,4
DA:148,3
DA:149,2
DA:150,5
DA:154,1
DA:156,4
DA:157,1
DA:158,1
DA:159,2
DA:170,0
DA:173,0
DA:175,1
DA:180,1
DA:184,1
DA:191,1
DA:194,2
DA:199,1
DA:202,3
DA:211,1
DA:215,2
DA:224,1
DA:225,2
LF:68
LH:37
end_of_record
SF:lib/translation_overrides_flutter.dart
DA:29,2
DA:30,1
DA:33,2
DA:34,1
DA:37,2
DA:38,1
DA:41,3
DA:46,1
DA:48,1
DA:49,1
DA:50,1
DA:51,1
DA:52,1
DA:53,1
DA:66,1
DA:72,1
DA:73,1
DA:77,2
DA:81,2
DA:82,2
DA:83,3
DA:87,1
DA:88,1
DA:89,2
DA:93,1
DA:94,1
DA:95,1
DA:99,2
DA:100,1
DA:102,1
DA:105,0
DA:109,3
DA:112,1
DA:117,2
DA:121,2
DA:122,4
DA:125,1
DA:131,1
DA:135,2
DA:143,1
DA:144,1
DA:145,2
DA:146,2
DA:149,1
DA:150,3
DA:151,2
DA:154,2
DA:155,3
DA:156,1
DA:163,1
DA:173,2
DA:175,1
DA:176,1
DA:185,1
DA:188,2
DA:189,1
DA:194,1
DA:196,0
DA:197,0
DA:224,1
DA:226,1
DA:228,1
DA:229,1
DA:230,1
DA:232,1
DA:233,1
DA:234,1
DA:236,1
DA:237,1
DA:247,1
DA:254,1
DA:256,2
DA:262,0
DA:263,0
DA:271,0
DA:272,0
DA:274,0
DA:275,0
DA:282,0
DA:285,0
DA:286,0
DA:293,0
DA:295,0
DA:299,0
DA:300,0
DA:303,0
DA:304,0
DA:309,0
DA:310,0
DA:311,0
DA:313,0
DA:314,0
DA:317,0
DA:319,0
DA:320,0
DA:322,0
DA:323,0
DA:324,0
DA:326,0
DA:327,0
DA:328,0
DA:330,0
DA:331,0
DA:332,0
DA:334,0
DA:335,0
DA:336,0
DA:338,0
DA:339,0
DA:340,0
DA:342,0
DA:343,0
DA:344,0
DA:352,0
DA:354,0
DA:358,0
DA:359,0
DA:362,0
DA:363,0
DA:367,0
DA:368,0
DA:369,0
DA:378,0
DA:388,0
DA:399,0
DA:400,0
DA:401,0
DA:402,0
DA:403,0
DA:404,0
DA:405,0
DA:406,0
DA:407,0
DA:408,0
DA:409,0
DA:410,0
DA:418,0
DA:423,0
DA:424,0
DA:425,0
DA:426,0
DA:427,0
DA:430,0
DA:431,0
DA:433,0
DA:434,0
DA:435,0
DA:436,0
DA:438,0
DA:441,0
LF:150
LH:69
end_of_record
